[INFO  - 2020-01-23T06:28:26.457Z] GhostDriver - Main - running on port 64119
[INFO  - 2020-01-23T06:28:30.861Z] Session [92b8bf90-3da9-11ea-bdeb-bbfb21825447] - page.settings - {"XSSAuditingEnabled":false,"javascriptCanCloseWindows":true,"javascriptCanOpenWindows":true,"javascriptEnabled":true,"loadImages":true,"localToRemoteUrlAccessEnabled":false,"userAgent":"Mozilla/5.0 (Windows NT 6.2; WOW64) AppleWebKit/538.1 (KHTML, like Gecko) PhantomJS/2.1.1 Safari/538.1","webSecurityEnabled":true}
[INFO  - 2020-01-23T06:28:30.861Z] Session [92b8bf90-3da9-11ea-bdeb-bbfb21825447] - page.customHeaders:  - {}
[INFO  - 2020-01-23T06:28:30.862Z] Session [92b8bf90-3da9-11ea-bdeb-bbfb21825447] - Session.negotiatedCapabilities - {"browserName":"phantomjs","version":"2.1.1","driverName":"ghostdriver","driverVersion":"1.2.0","platform":"windows-10-32bit","javascriptEnabled":true,"takesScreenshot":true,"handlesAlerts":false,"databaseEnabled":false,"locationContextEnabled":false,"applicationCacheEnabled":false,"browserConnectionEnabled":false,"cssSelectorsEnabled":true,"webStorageEnabled":false,"rotatable":false,"acceptSslCerts":false,"nativeEvents":true,"proxy":{"proxyType":"direct"}}
[INFO  - 2020-01-23T06:28:30.862Z] SessionManagerReqHand - _postNewSessionCommand - New Session Created: 92b8bf90-3da9-11ea-bdeb-bbfb21825447
[INFO  - 2020-01-23T06:33:14.263Z] SessionManagerReqHand - _cleanupWindowlessSessions - Asynchronous Sessions clean-up phase starting NOW
[INFO  - 2020-01-23T06:38:14.263Z] SessionManagerReqHand - _cleanupWindowlessSessions - Asynchronous Sessions clean-up phase starting NOW
[INFO  - 2020-01-23T06:39:09.422Z] SessionManagerReqHand - _cleanupWindowlessSessions - Asynchronous Sessions clean-up phase starting NOW
exports (https://widgets.figshare.com/static/figshare.js?_=1579760912180:1)
  (anonymous function) (https://widgets.figshare.com/static/figshare.js?_=1579760912180:1)
  i (https://widgets.figshare.com/static/figshare.js?_=1579760912180:1)
  (anonymous function) (https://widgets.figshare.com/static/figshare.js?_=1579760912180:1)
  i (https://widgets.figshare.com/static/figshare.js?_=1579760912180:1)
  (anonymous function) (https://widgets.figshare.com/static/figshare.js?_=1579760912180:1)
  i (https://widgets.figshare.com/static/figshare.js?_=1579760912180:1)
  (anonymous function) (https://widgets.figshare.com/static/figshare.js?_=1579760912180:1)
  i (https://widgets.figshare.com/static/figshare.js?_=1579760912180:1)
  (anonymous function) (https://widgets.figshare.com/static/figshare.js?_=1579760912180:1)
  i (https://widgets.figshare.com/static/figshare.js?_=1579760912180:1)
  (anonymous function) (https://widgets.figshare.com/static/figshare.js?_=1579760912180:1)
  i (https://widgets.figshare.com/static/figshare.js?_=1579760912180:1)
  (anonymous function) (https://widgets.figshare.com/static/figshare.js?_=15797609[INFO  - 2020-01-23T06:33:02.533Z] SessionManagerReqHand - _cleanupWindowlessSessions - Asynchronous Sessions clean-up phase starting NOW
[INFO  - 2020-01-23T06:38:02.532Z] SessionManagerReqHand - _cleanupWindowlessSessions - Asynchronous Sessions clean-up phase starting NOW
0-3da9-11ea-bdeb-bbfb21825447] - page.onError - msg: ReferenceError: Can't find variable: figshare

  phantomjs://platform/console++.js:263 in error
[ERROR - 2020-01-23T06:28:36.449Z] Session [92b8bf90-3da9-11ea-bdeb-bbfb21825447] - page.onError - stack:
  (anonymous function) (https://pubs.acs.org/products/achs/releasedAssets/js/main.bundle.js:1)
  i (https://pubs.acs.org/templates/jsp/js/jquery-3.1.1.min.js:2)
  fireWith (https://pubs.acs.org/templates/jsp/js/jquery-3.1.1.min.js:2)
  A (https://pubs.acs.org/templates/jsp/js/jquery-3.1.1.min.js:4)
  c (https://pubs.acs.org/templates/jsp/js/jquery-3.1.1.min.js:4)
  dispatch (https://pubs.acs.org/templates/jsp/js/jquery-3.1.1.min.js:3)
  handle (https://pubs.acs.org/templates/jsp/js/jquery-3.1.1.min.js:3)

  phantomjs://platform/console++.js:263 in error
[INFO  - 2020-01-23T06:33:26.391Z] SessionManagerReqHand - _cleanupWindowlessSessions - Asynchronous Sessions clean-up phase starting NOW
[INFO  - 2020-01-23T06:38:26.391Z] SessionManagerReqHand - _cleanupWindowlessSessions - Asynchronous Sessions clean-up phase starting NOW
